2023-03-26 17:05:15,875 :: INFO :: log info to logs/tiktok_UltraGCN.log
2023-03-26 17:05:15,875 :: INFO :: Namespace(alpha=1.0, b_epoch=40, bsz=512, dataset='tiktok', device='cuda:0', epoch=5, f_epoch=20, f_max=10, feat_dim=64, ite=5, lam=0.1, lr=0.001, model='UltraGCN', neg_num=50, neighbor_num=10, num_domains=10, num_epoch=500, p_ctx=[0.001, 0.1], p_emb=[0.001, 0.0001], p_embp=[0.001, 0.0001], p_proj=[0.001, 0.01], p_w=[1, 1, 1, 1], pretrained=0, regi=0.0, reuse=0, sift=0, sigma=0.01, ssz=512, tolog=1, wdi=2)
2023-03-26 17:05:19,079 :: INFO :: torch.Size([76085, 384])
2023-03-26 17:08:39,140 :: INFO :: Epoch 5: loss tensor(103.7549, device='cuda:0', grad_fn=<AddBackward0>), U.norm 278.5591735839844, V.norm 490.0750732421875, MLP.norm 24.495424270629883
2023-03-26 17:09:06,359 :: INFO :: ----- val -----
2023-03-26 17:09:06,359 :: INFO :: Precision [0.019517592387696393, 0.017906616508076414, 0.015737995131666654]
2023-03-26 17:09:06,359 :: INFO :: Recall [0.008029229705543081, 0.03328085494728399, 0.05753077444129373]
2023-03-26 17:09:06,359 :: INFO :: ndcg [0.019517592387696393, 0.0516727203906909, 0.06965843633137199]
2023-03-26 17:09:27,718 :: INFO :: ----- test -----
2023-03-26 17:09:27,718 :: INFO :: Precision [0.016130793165565805, 0.013505103990391972, 0.01137889622796064]
2023-03-26 17:09:27,718 :: INFO :: Recall [0.009512738212705573, 0.0376800858376487, 0.05985756504913646]
2023-03-26 17:09:27,718 :: INFO :: ndcg [0.016130793165565805, 0.040637144528667, 0.05385922519632069]
2023-03-26 17:11:27,780 :: INFO :: Epoch 10: loss tensor(85.6134, device='cuda:0', grad_fn=<AddBackward0>), U.norm 383.7214050292969, V.norm 496.0635986328125, MLP.norm 27.177392959594727
2023-03-26 17:11:50,484 :: INFO :: ----- val -----
2023-03-26 17:11:50,484 :: INFO :: Precision [0.02164195618499668, 0.018703252932063957, 0.016822305819872183]
2023-03-26 17:11:50,484 :: INFO :: Recall [0.008793407955811424, 0.035162905405209895, 0.061209934418443225]
2023-03-26 17:11:50,484 :: INFO :: ndcg [0.02164195618499668, 0.05516158240110508, 0.07472349871134898]
2023-03-26 17:12:10,359 :: INFO :: ----- test -----
2023-03-26 17:12:10,359 :: INFO :: Precision [0.01823243626835526, 0.014575031388175798, 0.0124242589661016]
2023-03-26 17:12:10,359 :: INFO :: Recall [0.011261677971177164, 0.040395350576310454, 0.06574255711845409]
2023-03-26 17:12:10,359 :: INFO :: ndcg [0.01823243626835526, 0.044173632803224894, 0.05904291720412503]
2023-03-26 17:14:12,749 :: INFO :: Epoch 15: loss tensor(75.5335, device='cuda:0', grad_fn=<AddBackward0>), U.norm 462.3472595214844, V.norm 481.6429748535156, MLP.norm 26.097673416137695
2023-03-26 17:14:32,531 :: INFO :: ----- val -----
2023-03-26 17:14:32,531 :: INFO :: Precision [0.02279265324186767, 0.020030980305376568, 0.017720734675813893]
2023-03-26 17:14:32,531 :: INFO :: Recall [0.00886995198894312, 0.039087328636054804, 0.06566183412411007]
2023-03-26 17:14:32,531 :: INFO :: ndcg [0.02279265324186767, 0.059017856269293706, 0.0791189025491764]
2023-03-26 17:14:55,360 :: INFO :: ----- test -----
2023-03-26 17:14:55,360 :: INFO :: Precision [0.017823025274305366, 0.015202794912385771, 0.012871881652929552]
2023-03-26 17:14:55,360 :: INFO :: Recall [0.010704355546508367, 0.04233689565534217, 0.06893620371637434]
2023-03-26 17:14:55,360 :: INFO :: ndcg [0.017823025274305366, 0.04560060802861523, 0.06075982309051852]
2023-03-26 17:16:56,734 :: INFO :: Epoch 20: loss tensor(72.1940, device='cuda:0', grad_fn=<AddBackward0>), U.norm 504.4513854980469, V.norm 462.216552734375, MLP.norm 24.724842071533203
2023-03-26 17:17:17,265 :: INFO :: ----- val -----
2023-03-26 17:17:17,265 :: INFO :: Precision [0.025182562513830494, 0.021181677362247495, 0.018867005974774007]
2023-03-26 17:17:17,265 :: INFO :: Recall [0.010452462863156936, 0.042038319929095964, 0.07195769841824595]
2023-03-26 17:17:17,265 :: INFO :: ndcg [0.025182562513830494, 0.06254896944680986, 0.0839502382268754]
2023-03-26 17:17:37,703 :: INFO :: ----- test -----
2023-03-26 17:17:37,703 :: INFO :: Precision [0.0211529013592445, 0.01631639281620171, 0.013936350237459474]
2023-03-26 17:17:37,703 :: INFO :: Recall [0.012929206950711487, 0.046644717503267166, 0.07477710417547664]
2023-03-26 17:17:37,703 :: INFO :: ndcg [0.0211529013592445, 0.0501573763109348, 0.06673623556547094]
2023-03-26 17:19:38,861 :: INFO :: Epoch 25: loss tensor(69.1505, device='cuda:0', grad_fn=<AddBackward0>), U.norm 523.314208984375, V.norm 451.0176086425781, MLP.norm 24.22184944152832
2023-03-26 17:19:58,843 :: INFO :: ----- val -----
2023-03-26 17:19:58,843 :: INFO :: Precision [0.026775835361805708, 0.022553662314670535, 0.019247621155123743]
2023-03-26 17:19:58,843 :: INFO :: Recall [0.01092660101048317, 0.04500649690821578, 0.07390339289187176]
2023-03-26 17:19:58,843 :: INFO :: ndcg [0.026775835361805708, 0.06665880377164678, 0.0875258001607739]
2023-03-26 17:20:19,531 :: INFO :: ----- test -----
2023-03-26 17:20:19,531 :: INFO :: Precision [0.021944429281074294, 0.016856815328347693, 0.014479502156232452]
2023-03-26 17:20:19,531 :: INFO :: Recall [0.013941986371395907, 0.0483161658884018, 0.07844276595793524]
2023-03-26 17:20:19,531 :: INFO :: ndcg [0.021944429281074294, 0.052360302159665285, 0.06937686115436156]
2023-03-26 17:22:21,172 :: INFO :: Epoch 30: loss tensor(68.9041, device='cuda:0', grad_fn=<AddBackward0>), U.norm 531.2603759765625, V.norm 446.1835021972656, MLP.norm 24.108034133911133
2023-03-26 17:22:41,047 :: INFO :: ----- val -----
2023-03-26 17:22:41,047 :: INFO :: Precision [0.0269528656782474, 0.023031644169063146, 0.020495684886037868]
2023-03-26 17:22:41,047 :: INFO :: Recall [0.011802833538002981, 0.046299028476121724, 0.0789433290453565]
2023-03-26 17:22:41,047 :: INFO :: ndcg [0.0269528656782474, 0.06785847093346077, 0.09122703764272934]
2023-03-26 17:23:04,687 :: INFO :: ----- test -----
2023-03-26 17:23:04,687 :: INFO :: Precision [0.023472896992193897, 0.017904907473115638, 0.014905289590044416]
2023-03-26 17:23:04,687 :: INFO :: Recall [0.014507614786625189, 0.05171166703249984, 0.08125534582321266]
2023-03-26 17:23:04,687 :: INFO :: ndcg [0.023472896992193897, 0.05529848678112068, 0.07210860876029822]
2023-03-26 17:25:07,515 :: INFO :: Epoch 35: loss tensor(71.3610, device='cuda:0', grad_fn=<AddBackward0>), U.norm 534.2658081054688, V.norm 444.2120361328125, MLP.norm 24.233272552490234
2023-03-26 17:25:28,171 :: INFO :: ----- val -----
2023-03-26 17:25:28,171 :: INFO :: Precision [0.027926532418676698, 0.023828280593050893, 0.02078778490816669]
2023-03-26 17:25:28,171 :: INFO :: Recall [0.012207866534684815, 0.0481114074549846, 0.08071208560368211]
2023-03-26 17:25:28,171 :: INFO :: ndcg [0.027926532418676698, 0.07021438117009945, 0.09333789910979623]
2023-03-26 17:25:48,484 :: INFO :: ----- test -----
2023-03-26 17:25:48,484 :: INFO :: Precision [0.02451007151045363, 0.018166930509307636, 0.015205524319014395]
2023-03-26 17:25:48,484 :: INFO :: Recall [0.015311257678192951, 0.05195467209671614, 0.08289763147017569]
2023-03-26 17:25:48,484 :: INFO :: ndcg [0.02451007151045363, 0.05628879620306436, 0.07366714880829235]
2023-03-26 17:27:50,500 :: INFO :: Epoch 40: loss tensor(68.8757, device='cuda:0', grad_fn=<AddBackward0>), U.norm 535.1043701171875, V.norm 443.3396911621094, MLP.norm 24.48476219177246
2023-03-26 17:28:11,406 :: INFO :: ----- val -----
2023-03-26 17:28:11,406 :: INFO :: Precision [0.029254259791989378, 0.024430183668952804, 0.021287895552114564]
2023-03-26 17:28:11,406 :: INFO :: Recall [0.012718231576831033, 0.04902375635528783, 0.08278210121358738]
2023-03-26 17:28:11,406 :: INFO :: ndcg [0.029254259791989378, 0.0723002389669356, 0.09545076746998048]
2023-03-26 17:28:33,453 :: INFO :: ----- test -----
2023-03-26 17:28:33,453 :: INFO :: Precision [0.025055952835853487, 0.01845624761176962, 0.01568044107211238]
2023-03-26 17:28:33,453 :: INFO :: Recall [0.015396392340594705, 0.05268910867302129, 0.08519046727216105]
2023-03-26 17:28:33,453 :: INFO :: ndcg [0.025055952835853487, 0.0570916966047545, 0.07539624794424536]
2023-03-26 17:30:34,734 :: INFO :: Epoch 45: loss tensor(69.0607, device='cuda:0', grad_fn=<AddBackward0>), U.norm 534.9755249023438, V.norm 442.8194580078125, MLP.norm 24.72195816040039
2023-03-26 17:30:56,828 :: INFO :: ----- val -----
2023-03-26 17:30:56,828 :: INFO :: Precision [0.03044921442797079, 0.024465589732241146, 0.021637530427086975]
2023-03-26 17:30:56,828 :: INFO :: Recall [0.013351003992052435, 0.04982584382818317, 0.08460946916359693]
2023-03-26 17:30:56,828 :: INFO :: ndcg [0.03044921442797079, 0.07301764758338483, 0.09762604432489891]
2023-03-26 17:31:17,406 :: INFO :: ----- test -----
2023-03-26 17:31:17,406 :: INFO :: Precision [0.025547246028713357, 0.01929144603963158, 0.015945193514931354]
2023-03-26 17:31:17,406 :: INFO :: Recall [0.015894855741779092, 0.05536206403998546, 0.08710395196271237]
2023-03-26 17:31:17,406 :: INFO :: ndcg [0.025547246028713357, 0.05953835702881201, 0.07718222550611678]
2023-03-26 17:33:21,862 :: INFO :: Epoch 50: loss tensor(67.1166, device='cuda:0', grad_fn=<AddBackward0>), U.norm 534.3528442382812, V.norm 442.2747802734375, MLP.norm 24.88433265686035
2023-03-26 17:33:42,421 :: INFO :: ----- val -----
2023-03-26 17:33:42,421 :: INFO :: Precision [0.03111307811462713, 0.02561628678911235, 0.02221287895552254]
2023-03-26 17:33:42,421 :: INFO :: Recall [0.013809484443596894, 0.05263262708775688, 0.08691639552407703]
2023-03-26 17:33:42,421 :: INFO :: ndcg [0.03111307811462713, 0.07550386429285995, 0.09969115723457767]
2023-03-26 17:34:05,515 :: INFO :: ----- test -----
2023-03-26 17:34:05,515 :: INFO :: Precision [0.02603853922157323, 0.019455210437251545, 0.016245428243901346]
2023-03-26 17:34:05,515 :: INFO :: Recall [0.016111431715203472, 0.055404509800843986, 0.0885103843384069]
2023-03-26 17:34:05,515 :: INFO :: ndcg [0.02603853922157323, 0.05997765520122732, 0.0782278713811113]
2023-03-26 17:36:10,593 :: INFO :: Epoch 55: loss tensor(67.3285, device='cuda:0', grad_fn=<AddBackward0>), U.norm 533.5580444335938, V.norm 441.5938415527344, MLP.norm 25.08321762084961
2023-03-26 17:36:31,159 :: INFO :: ----- val -----
2023-03-26 17:36:31,159 :: INFO :: Precision [0.03031644169063952, 0.026094268643505024, 0.022593494135872236]
2023-03-26 17:36:31,159 :: INFO :: Recall [0.013310585987314796, 0.052819505060286306, 0.08840421676526777]
2023-03-26 17:36:31,159 :: INFO :: ndcg [0.03031644169063952, 0.07585857442490128, 0.10067681865695195]
2023-03-26 17:36:52,408 :: INFO :: ----- test -----
2023-03-26 17:36:52,421 :: INFO :: Precision [0.02726677220372291, 0.01977728041923752, 0.01625088705715536]
2023-03-26 17:36:52,421 :: INFO :: Recall [0.01658038438571752, 0.056211164431056115, 0.08874754204771652]
2023-03-26 17:36:52,421 :: INFO :: ndcg [0.02726677220372291, 0.06148382981548334, 0.0792753815224767]
2023-03-26 17:38:56,000 :: INFO :: Epoch 60: loss tensor(67.8006, device='cuda:0', grad_fn=<AddBackward0>), U.norm 532.7266235351562, V.norm 440.8179016113281, MLP.norm 25.292667388916016
2023-03-26 17:39:16,171 :: INFO :: ----- val -----
2023-03-26 17:39:16,171 :: INFO :: Precision [0.03115733569373755, 0.025625138304934424, 0.022863465368445846]
2023-03-26 17:39:16,171 :: INFO :: Recall [0.013843810536225047, 0.0523314014208884, 0.09061033389567043]
2023-03-26 17:39:16,171 :: INFO :: ndcg [0.03115733569373755, 0.07560449049894961, 0.10159835128433972]
2023-03-26 17:39:38,469 :: INFO :: ----- test -----
2023-03-26 17:39:38,469 :: INFO :: Precision [0.026993831541022983, 0.019875539057809522, 0.016349145695727343]
2023-03-26 17:39:38,469 :: INFO :: Recall [0.016630429748667363, 0.05670267177380617, 0.08914628733265566]
2023-03-26 17:39:38,469 :: INFO :: ndcg [0.026993831541022983, 0.061465792248195365, 0.07938290355611957]
2023-03-26 17:41:42,564 :: INFO :: Epoch 65: loss tensor(67.6893, device='cuda:0', grad_fn=<AddBackward0>), U.norm 531.8687744140625, V.norm 439.9838562011719, MLP.norm 25.48891258239746
2023-03-26 17:42:03,015 :: INFO :: ----- val -----
2023-03-26 17:42:03,015 :: INFO :: Precision [0.03173268422217305, 0.025846426200486605, 0.02306262447444281]
2023-03-26 17:42:03,015 :: INFO :: Recall [0.013936879814214275, 0.05225311857429747, 0.09014383520804709]
2023-03-26 17:42:03,015 :: INFO :: ndcg [0.03173268422217305, 0.07673760991332032, 0.10265184751655897]
2023-03-26 17:42:24,722 :: INFO :: ----- test -----
2023-03-26 17:42:24,722 :: INFO :: Precision [0.028140182324362682, 0.02023582073257351, 0.016485616027077335]
2023-03-26 17:42:24,722 :: INFO :: Recall [0.017395375394477372, 0.0578795535079396, 0.08974757052197258]
2023-03-26 17:42:24,722 :: INFO :: ndcg [0.028140182324362682, 0.06306117319317493, 0.0808193150503269]
2023-03-26 17:44:28,064 :: INFO :: Epoch 70: loss tensor(66.7752, device='cuda:0', grad_fn=<AddBackward0>), U.norm 531.0968017578125, V.norm 439.1177673339844, MLP.norm 25.609973907470703
2023-03-26 17:44:48,864 :: INFO :: ----- val -----
2023-03-26 17:44:48,864 :: INFO :: Precision [0.031998229696835585, 0.02619163531754795, 0.023407833591504154]
2023-03-26 17:44:48,864 :: INFO :: Recall [0.014128167581066123, 0.05289340153077052, 0.09153396502694267]
2023-03-26 17:44:48,864 :: INFO :: ndcg [0.031998229696835585, 0.07751522805956419, 0.10346379018327545]
2023-03-26 17:45:08,734 :: INFO :: ----- test -----
2023-03-26 17:45:08,734 :: INFO :: Precision [0.027567006932692834, 0.0204323380097175, 0.016747639063269322]
2023-03-26 17:45:08,734 :: INFO :: Recall [0.016606135681712663, 0.05819869641279832, 0.09148457479852495]
2023-03-26 17:45:08,734 :: INFO :: ndcg [0.027567006932692834, 0.06318897529840913, 0.08153483782780041]
2023-03-26 17:47:10,796 :: INFO :: Epoch 75: loss tensor(67.4482, device='cuda:0', grad_fn=<AddBackward0>), U.norm 530.3941650390625, V.norm 438.2054748535156, MLP.norm 25.747034072875977
2023-03-26 17:47:31,953 :: INFO :: ----- val -----
2023-03-26 17:47:31,953 :: INFO :: Precision [0.03159991148484178, 0.026758132330161496, 0.023518477539280262]
2023-03-26 17:47:31,953 :: INFO :: Recall [0.01383209031998147, 0.054639332841249624, 0.09202651234094526]
2023-03-26 17:47:31,953 :: INFO :: ndcg [0.03159991148484178, 0.07885984232400634, 0.10464578387401421]
2023-03-26 17:47:52,828 :: INFO :: ----- test -----
2023-03-26 17:47:52,828 :: INFO :: Precision [0.02819477045690267, 0.020481467329003522, 0.016635733391562324]
2023-03-26 17:47:52,828 :: INFO :: Recall [0.016919609394187657, 0.05759818535075764, 0.09054763666355276]
2023-03-26 17:47:52,828 :: INFO :: ndcg [0.02819477045690267, 0.06344318125709171, 0.08139878353224503]
2023-03-26 17:49:51,831 :: INFO :: Epoch 80: loss tensor(65.8225, device='cuda:0', grad_fn=<AddBackward0>), U.norm 529.77783203125, V.norm 437.3100891113281, MLP.norm 25.840024948120117
2023-03-26 17:50:11,724 :: INFO :: ----- val -----
2023-03-26 17:50:11,724 :: INFO :: Precision [0.03270635096260235, 0.026952865678247374, 0.02350962602345813]
2023-03-26 17:50:11,724 :: INFO :: Recall [0.014819406585775227, 0.05473432710049723, 0.09250299427040769]
2023-03-26 17:50:11,724 :: INFO :: ndcg [0.03270635096260235, 0.07930864484768904, 0.10463738219119313]
2023-03-26 17:50:31,486 :: INFO :: ----- test -----
2023-03-26 17:50:31,486 :: INFO :: Precision [0.028249358589442657, 0.020956384082101466, 0.017058791418747315]
2023-03-26 17:50:31,486 :: INFO :: Recall [0.017111094477451766, 0.059610840509572806, 0.09297904895892764]
2023-03-26 17:50:31,486 :: INFO :: ndcg [0.028249358589442657, 0.0648928800977882, 0.08316512874671224]
2023-03-26 17:52:31,489 :: INFO :: Epoch 85: loss tensor(67.1335, device='cuda:0', grad_fn=<AddBackward0>), U.norm 529.2589111328125, V.norm 436.5413818359375, MLP.norm 25.99359130859375
2023-03-26 17:52:51,067 :: INFO :: ----- val -----
2023-03-26 17:52:51,067 :: INFO :: Precision [0.032883381279044034, 0.02703252932064617, 0.023540606328835437]
2023-03-26 17:52:51,067 :: INFO :: Recall [0.014504996697060193, 0.05482410677874784, 0.09229334733463962]
2023-03-26 17:52:51,067 :: INFO :: ndcg [0.032883381279044034, 0.07985353762084518, 0.10484057662366002]
2023-03-26 17:53:11,989 :: INFO :: ----- test -----
2023-03-26 17:53:11,989 :: INFO :: Precision [0.028495005185872592, 0.020781702057973497, 0.01700693269283433]
2023-03-26 17:53:11,989 :: INFO :: Recall [0.01704965348426255, 0.058823510140645116, 0.0920736623463709]
2023-03-26 17:53:11,989 :: INFO :: ndcg [0.028495005185872592, 0.0645249346879324, 0.08299583359459037]
2023-03-26 17:55:12,177 :: INFO :: Epoch 90: loss tensor(66.5719, device='cuda:0', grad_fn=<AddBackward0>), U.norm 528.8013305664062, V.norm 435.8755798339844, MLP.norm 26.033185958862305
2023-03-26 17:55:32,380 :: INFO :: ----- val -----
2023-03-26 17:55:32,380 :: INFO :: Precision [0.03328169949103784, 0.027147599026333284, 0.02385483514051957]
2023-03-26 17:55:32,380 :: INFO :: Recall [0.014491485470196581, 0.05505441010251891, 0.09324159057173997]
2023-03-26 17:55:32,380 :: INFO :: ndcg [0.03328169949103784, 0.08013445769841758, 0.10621707637268706]
2023-03-26 17:55:52,052 :: INFO :: ----- test -----
2023-03-26 17:55:52,052 :: INFO :: Precision [0.02904088651127245, 0.020770784431465485, 0.017097003111525313]
2023-03-26 17:55:52,052 :: INFO :: Recall [0.017726374533749364, 0.0588633230766145, 0.09338814483756226]
2023-03-26 17:55:52,052 :: INFO :: ndcg [0.02904088651127245, 0.06481905547398319, 0.08354722126030112]
2023-03-26 17:57:53,275 :: INFO :: Epoch 95: loss tensor(67.3254, device='cuda:0', grad_fn=<AddBackward0>), U.norm 528.39453125, V.norm 435.1081237792969, MLP.norm 26.118881225585938
2023-03-26 17:58:13,431 :: INFO :: ----- val -----
2023-03-26 17:58:13,431 :: INFO :: Precision [0.03266209338349192, 0.027103341447222852, 0.023841557866786378]
2023-03-26 17:58:13,431 :: INFO :: Recall [0.014322551787764325, 0.05499380194385288, 0.0922128572598464]
2023-03-26 17:58:13,431 :: INFO :: ndcg [0.03266209338349192, 0.0798053972354993, 0.10541355040450395]
2023-03-26 17:58:33,728 :: INFO :: ----- test -----
2023-03-26 17:58:33,728 :: INFO :: Precision [0.028877122113652492, 0.020852666630275466, 0.0170751678585093]
2023-03-26 17:58:33,728 :: INFO :: Recall [0.01749644465285841, 0.05903866225455751, 0.09239067069627613]
2023-03-26 17:58:33,728 :: INFO :: ndcg [0.028877122113652492, 0.06495933911054261, 0.08340402374881961]
2023-03-26 18:00:34,574 :: INFO :: Epoch 100: loss tensor(65.3647, device='cuda:0', grad_fn=<AddBackward0>), U.norm 527.9769287109375, V.norm 434.3734130859375, MLP.norm 26.247591018676758
2023-03-26 18:00:56,793 :: INFO :: ----- val -----
2023-03-26 18:00:56,793 :: INFO :: Precision [0.032883381279044034, 0.027554768754149243, 0.024102677583537954]
2023-03-26 18:00:56,793 :: INFO :: Recall [0.014468314904415063, 0.055579142709531175, 0.09361546934124186]
2023-03-26 18:00:56,793 :: INFO :: ndcg [0.032883381279044034, 0.08076263570364156, 0.10683105996391541]
2023-03-26 18:01:16,949 :: INFO :: ----- test -----
2023-03-26 18:01:16,949 :: INFO :: Precision [0.028740651782302527, 0.021109230853213465, 0.0171898029368433]
2023-03-26 18:01:16,949 :: INFO :: Recall [0.017204431235060276, 0.059707633022823545, 0.0932338957994576]
2023-03-26 18:01:16,949 :: INFO :: ndcg [0.028740651782302527, 0.06507007917794252, 0.08357085461658592]
2023-03-26 18:03:18,074 :: INFO :: Epoch 105: loss tensor(66.3044, device='cuda:0', grad_fn=<AddBackward0>), U.norm 527.6188354492188, V.norm 433.7538757324219, MLP.norm 26.31821632385254
2023-03-26 18:03:37,980 :: INFO :: ----- val -----
2023-03-26 18:03:37,980 :: INFO :: Precision [0.033458729807479534, 0.02751051117503879, 0.02428855941580173]
2023-03-26 18:03:37,980 :: INFO :: Recall [0.014987559803500621, 0.055353480542476005, 0.0949403205444993]
2023-03-26 18:03:37,980 :: INFO :: ndcg [0.033458729807479534, 0.08096967072526252, 0.10765958890514311]
2023-03-26 18:03:58,418 :: INFO :: ----- test -----
2023-03-26 18:03:58,418 :: INFO :: Precision [0.029559473770402314, 0.02116381898575345, 0.017462743599543296]
2023-03-26 18:03:58,418 :: INFO :: Recall [0.018279787899491137, 0.06009598639348593, 0.09469267228072392]
2023-03-26 18:03:58,418 :: INFO :: ndcg [0.029559473770402314, 0.06587033011554447, 0.0851610451884516]
2023-03-26 18:06:01,729 :: INFO :: Epoch 110: loss tensor(66.6414, device='cuda:0', grad_fn=<AddBackward0>), U.norm 527.2222290039062, V.norm 433.0560607910156, MLP.norm 26.48276710510254
2023-03-26 18:06:22,354 :: INFO :: ----- val -----
2023-03-26 18:06:22,354 :: INFO :: Precision [0.03314892675370657, 0.027740650586413063, 0.023996459393672915]
2023-03-26 18:06:22,354 :: INFO :: Recall [0.01451139731104744, 0.056785133334132286, 0.09441449413178389]
2023-03-26 18:06:22,354 :: INFO :: ndcg [0.03314892675370657, 0.08152008763648443, 0.10712876860610858]
2023-03-26 18:06:42,917 :: INFO :: ----- test -----
2023-03-26 18:06:42,917 :: INFO :: Precision [0.028495005185872592, 0.02079261968448146, 0.01727987335553432]
2023-03-26 18:06:42,917 :: INFO :: Recall [0.017198648579553614, 0.058619567979289244, 0.09376694024415974]
2023-03-26 18:06:42,917 :: INFO :: ndcg [0.028495005185872592, 0.06443368093450791, 0.08368791937533068]
2023-03-26 18:08:42,853 :: INFO :: Epoch 115: loss tensor(65.5542, device='cuda:0', grad_fn=<AddBackward0>), U.norm 526.9488525390625, V.norm 432.4212646484375, MLP.norm 26.528350830078125
2023-03-26 18:09:02,369 :: INFO :: ----- val -----
2023-03-26 18:09:02,369 :: INFO :: Precision [0.03328169949103784, 0.027829165744633927, 0.024049568488605455]
2023-03-26 18:09:02,369 :: INFO :: Recall [0.014677623362398704, 0.05629785205256613, 0.09409827781883921]
2023-03-26 18:09:02,369 :: INFO :: ndcg [0.03328169949103784, 0.08194544143404922, 0.10775877434025724]
2023-03-26 18:09:22,010 :: INFO :: ----- test -----
2023-03-26 18:09:22,010 :: INFO :: Precision [0.029204650908892408, 0.021223865931547455, 0.017487308259186284]
2023-03-26 18:09:22,010 :: INFO :: Recall [0.017732180782611674, 0.05996748359514578, 0.0945669758805834]
2023-03-26 18:09:22,010 :: INFO :: ndcg [0.029204650908892408, 0.06572978262510484, 0.08488361089403762]
2023-03-26 18:11:22,041 :: INFO :: Epoch 120: loss tensor(66.1691, device='cuda:0', grad_fn=<AddBackward0>), U.norm 526.6412963867188, V.norm 431.8658142089844, MLP.norm 26.607406616210938
2023-03-26 18:11:41,744 :: INFO :: ----- val -----
2023-03-26 18:11:41,744 :: INFO :: Precision [0.03438813896879841, 0.027660986944014282, 0.024394777605666808]
2023-03-26 18:11:41,744 :: INFO :: Recall [0.015263829606466493, 0.056428725651113606, 0.0956142394436582]
2023-03-26 18:11:41,744 :: INFO :: ndcg [0.03438813896879841, 0.08200312087411338, 0.10857036974771003]
2023-03-26 18:12:02,792 :: INFO :: ----- test -----
2023-03-26 18:12:02,792 :: INFO :: Precision [0.02857688738468257, 0.02125661881107145, 0.017454555379662295]
2023-03-26 18:12:02,792 :: INFO :: Recall [0.017312383182973463, 0.05993450958787272, 0.09477312010960891]
2023-03-26 18:12:02,792 :: INFO :: ndcg [0.02857688738468257, 0.06565449897408047, 0.08472720930073341]
2023-03-26 18:14:04,684 :: INFO :: Epoch 125: loss tensor(65.7843, device='cuda:0', grad_fn=<AddBackward0>), U.norm 526.3605346679688, V.norm 431.32421875, MLP.norm 26.653244018554688
2023-03-26 18:14:24,401 :: INFO :: ----- val -----
2023-03-26 18:14:24,401 :: INFO :: Precision [0.03394556317769418, 0.02775835361805721, 0.024496570037620763]
2023-03-26 18:14:24,401 :: INFO :: Recall [0.01511969135027195, 0.056586420794457554, 0.09587432916846288]
2023-03-26 18:14:24,401 :: INFO :: ndcg [0.03394556317769418, 0.08166360062579958, 0.108601156973702]
2023-03-26 18:14:43,572 :: INFO :: ----- test -----
2023-03-26 18:14:43,572 :: INFO :: Precision [0.029204650908892408, 0.021207489491785445, 0.017517331732083287]
2023-03-26 18:14:43,572 :: INFO :: Recall [0.017614062402917637, 0.059840537267813035, 0.0950853759119469]
2023-03-26 18:14:43,572 :: INFO :: ndcg [0.029204650908892408, 0.0656852873551232, 0.08516722488534734]
2023-03-26 18:16:43,916 :: INFO :: Epoch 130: loss tensor(65.2305, device='cuda:0', grad_fn=<AddBackward0>), U.norm 526.1304321289062, V.norm 430.825927734375, MLP.norm 26.718053817749023
2023-03-26 18:17:05,619 :: INFO :: ----- val -----
2023-03-26 18:17:05,619 :: INFO :: Precision [0.033724275282142065, 0.02817437486169523, 0.024200044257580874]
2023-03-26 18:17:05,619 :: INFO :: Recall [0.014831554464931448, 0.05704137892006589, 0.09358461506914419]
2023-03-26 18:17:05,619 :: INFO :: ndcg [0.033724275282142065, 0.08210907471776091, 0.10755798938872213]
2023-03-26 18:17:25,713 :: INFO :: ----- test -----
2023-03-26 18:17:25,713 :: INFO :: Precision [0.028877122113652492, 0.021289371690595454, 0.017511872918829274]
2023-03-26 18:17:25,713 :: INFO :: Recall [0.017312586926558394, 0.06020925482310661, 0.09511502776844848]
2023-03-26 18:17:25,713 :: INFO :: ndcg [0.028877122113652492, 0.06576024965478937, 0.08503408083217591]
2023-03-26 18:19:23,932 :: INFO :: Epoch 135: loss tensor(64.5603, device='cuda:0', grad_fn=<AddBackward0>), U.norm 525.8956909179688, V.norm 430.4141845703125, MLP.norm 26.792329788208008
2023-03-26 18:19:46,666 :: INFO :: ----- val -----
2023-03-26 18:19:46,666 :: INFO :: Precision [0.03394556317769418, 0.028254038504094, 0.024430183668955156]
2023-03-26 18:19:46,666 :: INFO :: Recall [0.014955469109125787, 0.05720762392381035, 0.09549608109480785]
2023-03-26 18:19:46,666 :: INFO :: ndcg [0.03394556317769418, 0.08249472667845287, 0.10873450297843203]
2023-03-26 18:20:06,229 :: INFO :: ----- test -----
2023-03-26 18:20:06,229 :: INFO :: Precision [0.029968884764452208, 0.021223865931547427, 0.01747093181942427]
2023-03-26 18:20:06,229 :: INFO :: Recall [0.018113547401442873, 0.05993293686560246, 0.09415434358063311]
2023-03-26 18:20:06,229 :: INFO :: ndcg [0.029968884764452208, 0.06606739700797179, 0.08512349845137152]
2023-03-26 18:22:08,713 :: INFO :: Epoch 140: loss tensor(66.5338, device='cuda:0', grad_fn=<AddBackward0>), U.norm 525.6167602539062, V.norm 429.9287109375, MLP.norm 26.84352684020996
2023-03-26 18:22:28,822 :: INFO :: ----- val -----
2023-03-26 18:22:28,822 :: INFO :: Precision [0.03474219960168179, 0.027988493029431426, 0.024492144279709735]
2023-03-26 18:22:28,822 :: INFO :: Recall [0.015641014244264846, 0.056616926618269496, 0.09596078937263097]
2023-03-26 18:22:28,822 :: INFO :: ndcg [0.03474219960168179, 0.08231134353589006, 0.10918326059726552]
2023-03-26 18:22:48,213 :: INFO :: ----- test -----
2023-03-26 18:22:48,213 :: INFO :: Precision [0.02977782630056226, 0.02150226540750142, 0.01762923740379027]
2023-03-26 18:22:48,213 :: INFO :: Recall [0.01798963228235259, 0.06118498637851579, 0.09538477711821274]
2023-03-26 18:22:48,213 :: INFO :: ndcg [0.02977782630056226, 0.06666908614945936, 0.08579176047230123]
2023-03-26 18:24:47,996 :: INFO :: Epoch 145: loss tensor(64.9587, device='cuda:0', grad_fn=<AddBackward0>), U.norm 525.3912353515625, V.norm 429.458740234375, MLP.norm 26.85070037841797
2023-03-26 18:25:09,317 :: INFO :: ----- val -----
2023-03-26 18:25:09,317 :: INFO :: Precision [0.034653684443460946, 0.02848417791546828, 0.02465589732241834]
2023-03-26 18:25:09,317 :: INFO :: Recall [0.015286349231937026, 0.05810424126042955, 0.09675822308817207]
2023-03-26 18:25:09,317 :: INFO :: ndcg [0.034653684443460946, 0.08357289930850927, 0.11015393763262463]
2023-03-26 18:25:29,326 :: INFO :: ----- test -----
2023-03-26 18:25:29,340 :: INFO :: Precision [0.03015994322834216, 0.021240242371309448, 0.01774387248212426]
2023-03-26 18:25:29,340 :: INFO :: Recall [0.018342923545013906, 0.06023032081159173, 0.0957818497532419]
2023-03-26 18:25:29,340 :: INFO :: ndcg [0.03015994322834216, 0.06640303747918715, 0.08621862175970128]
2023-03-26 18:27:31,591 :: INFO :: Epoch 150: loss tensor(64.1853, device='cuda:0', grad_fn=<AddBackward0>), U.norm 525.2354125976562, V.norm 429.00360107421875, MLP.norm 26.96344757080078
2023-03-26 18:27:51,059 :: INFO :: ----- val -----
2023-03-26 18:27:51,059 :: INFO :: Precision [0.034299623810577565, 0.028271741535738235, 0.024700154901528742]
2023-03-26 18:27:51,059 :: INFO :: Recall [0.015270728092868112, 0.05781918184407253, 0.09666343068612977]
2023-03-26 18:27:51,059 :: INFO :: ndcg [0.034299623810577565, 0.08292939043133543, 0.10946720188421166]
2023-03-26 18:28:11,746 :: INFO :: ----- test -----
2023-03-26 18:28:11,746 :: INFO :: Precision [0.029750532234292266, 0.02157322997980342, 0.017762978328513285]
2023-03-26 18:28:11,746 :: INFO :: Recall [0.01811877920581143, 0.06117055232591219, 0.09594509851630566]
2023-03-26 18:28:11,746 :: INFO :: ndcg [0.029750532234292266, 0.06676817087621618, 0.0863241501095768]
2023-03-26 18:30:10,340 :: INFO :: Epoch 155: loss tensor(64.8949, device='cuda:0', grad_fn=<AddBackward0>), U.norm 525.0604248046875, V.norm 428.5617370605469, MLP.norm 27.01358985900879
2023-03-26 18:30:29,793 :: INFO :: ----- val -----
2023-03-26 18:30:29,793 :: INFO :: Precision [0.03354724496570038, 0.02867891126355417, 0.024709006417350875]
2023-03-26 18:30:29,793 :: INFO :: Recall [0.014942036254903404, 0.058149156248718754, 0.09737105124585406]
2023-03-26 18:30:29,793 :: INFO :: ndcg [0.03354724496570038, 0.0833548944361461, 0.10994446254555647]
2023-03-26 18:30:51,429 :: INFO :: ----- test -----
2023-03-26 18:30:51,429 :: INFO :: Precision [0.029586767836672308, 0.021726076750915424, 0.017806648834545254]
2023-03-26 18:30:51,429 :: INFO :: Recall [0.017970364249549668, 0.06083482758719958, 0.09585778152739403]
2023-03-26 18:30:51,429 :: INFO :: ndcg [0.029586767836672308, 0.06704879542417116, 0.08636531444592033]
2023-03-26 18:32:52,180 :: INFO :: Epoch 160: loss tensor(65.1494, device='cuda:0', grad_fn=<AddBackward0>), U.norm 524.8944702148438, V.norm 428.0423889160156, MLP.norm 27.092357635498047
2023-03-26 18:33:12,008 :: INFO :: ----- val -----
2023-03-26 18:33:12,008 :: INFO :: Precision [0.034432396547908826, 0.028298296083204458, 0.02431511396326804]
2023-03-26 18:33:12,008 :: INFO :: Recall [0.015052631007899237, 0.05682458280595249, 0.09552827074528498]
2023-03-26 18:33:12,008 :: INFO :: ndcg [0.034432396547908826, 0.08269487242348562, 0.10880778640310462]
2023-03-26 18:33:32,022 :: INFO :: ----- test -----
2023-03-26 18:33:32,022 :: INFO :: Precision [0.029750532234292266, 0.02133850100988145, 0.017648343250179273]
2023-03-26 18:33:32,022 :: INFO :: Recall [0.017701558897139966, 0.05953958968904648, 0.09447044754825532]
2023-03-26 18:33:32,022 :: INFO :: ndcg [0.029750532234292266, 0.06621767062425311, 0.0857055560901116]
2023-03-26 18:35:34,164 :: INFO :: Epoch 165: loss tensor(65.3522, device='cuda:0', grad_fn=<AddBackward0>), U.norm 524.6945190429688, V.norm 427.551025390625, MLP.norm 27.17494773864746
2023-03-26 18:35:56,367 :: INFO :: ----- val -----
2023-03-26 18:35:56,367 :: INFO :: Precision [0.035538836025669394, 0.028457623368002005, 0.024770967028105488]
2023-03-26 18:35:56,367 :: INFO :: Recall [0.01597049094104354, 0.05790032267320673, 0.09725202354585044]
2023-03-26 18:35:56,367 :: INFO :: ndcg [0.035538836025669394, 0.08409850563662476, 0.11102195561174073]
2023-03-26 18:36:16,398 :: INFO :: ----- test -----
2023-03-26 18:36:16,398 :: INFO :: Precision [0.030241825427152137, 0.02143130083519942, 0.017858507560458255]
2023-03-26 18:36:16,398 :: INFO :: Recall [0.01844958886513785, 0.06056341262464621, 0.09681412091704993]
2023-03-26 18:36:16,398 :: INFO :: ndcg [0.030241825427152137, 0.06666093611523535, 0.08663749772938356]
2023-03-26 18:38:18,523 :: INFO :: Epoch 170: loss tensor(65.0120, device='cuda:0', grad_fn=<AddBackward0>), U.norm 524.468017578125, V.norm 427.0314636230469, MLP.norm 27.2335262298584
2023-03-26 18:38:38,432 :: INFO :: ----- val -----
2023-03-26 18:38:38,432 :: INFO :: Precision [0.03536180570922771, 0.028324850630670712, 0.024664748838240495]
2023-03-26 18:38:38,432 :: INFO :: Recall [0.015731636774787467, 0.05760327635839571, 0.0970059612928005]
2023-03-26 18:38:38,432 :: INFO :: ndcg [0.03536180570922771, 0.08324298330690631, 0.11018290091629854]
2023-03-26 18:38:58,711 :: INFO :: ----- test -----
2023-03-26 18:38:58,727 :: INFO :: Precision [0.029586767836672308, 0.02169878268464543, 0.017891260439982258]
2023-03-26 18:38:58,727 :: INFO :: Recall [0.017923839074267704, 0.060891146365002695, 0.09664454638702444]
2023-03-26 18:38:58,727 :: INFO :: ndcg [0.029586767836672308, 0.06711988928311814, 0.08664984357139409]
2023-03-26 18:40:59,468 :: INFO :: Epoch 175: loss tensor(65.9647, device='cuda:0', grad_fn=<AddBackward0>), U.norm 524.2883911132812, V.norm 426.4991455078125, MLP.norm 27.301626205444336
2023-03-26 18:41:18,687 :: INFO :: ----- val -----
2023-03-26 18:41:18,687 :: INFO :: Precision [0.03606992697499447, 0.028785129453419243, 0.02500553219739079]
2023-03-26 18:41:18,687 :: INFO :: Recall [0.0160227976313389, 0.05896001701624848, 0.0986250515580275]
2023-03-26 18:41:18,687 :: INFO :: ndcg [0.03606992697499447, 0.08477619363591254, 0.11156784225739534]
2023-03-26 18:41:40,280 :: INFO :: ----- test -----
2023-03-26 18:41:40,280 :: INFO :: Precision [0.02977782630056226, 0.021425842021945453, 0.01792674272613325]
2023-03-26 18:41:40,280 :: INFO :: Recall [0.018319573607727537, 0.0602835175145107, 0.096269465941617]
2023-03-26 18:41:40,280 :: INFO :: ndcg [0.02977782630056226, 0.0665428434455565, 0.08648313186276943]
2023-03-26 18:43:49,421 :: INFO :: Epoch 180: loss tensor(64.4619, device='cuda:0', grad_fn=<AddBackward0>), U.norm 524.0790405273438, V.norm 426.0499572753906, MLP.norm 27.34368324279785
2023-03-26 18:44:11,249 :: INFO :: ----- val -----
2023-03-26 18:44:11,249 :: INFO :: Precision [0.03474219960168179, 0.028616950652799563, 0.024846204912593234]
2023-03-26 18:44:11,249 :: INFO :: Recall [0.01529043519970191, 0.057989323366420556, 0.09737585111132993]
2023-03-26 18:44:11,249 :: INFO :: ndcg [0.03474219960168179, 0.08401558606891686, 0.11114364111183121]
2023-03-26 18:44:34,343 :: INFO :: ----- test -----
2023-03-26 18:44:34,343 :: INFO :: Precision [0.029750532234292266, 0.021693323871391435, 0.017981330858673244]
2023-03-26 18:44:34,343 :: INFO :: Recall [0.018213110201876076, 0.06096298377186653, 0.09691010754483813]
2023-03-26 18:44:34,343 :: INFO :: ndcg [0.029750532234292266, 0.0670663345942429, 0.08682917382262498]
2023-03-26 18:46:57,249 :: INFO :: Epoch 185: loss tensor(65.4617, device='cuda:0', grad_fn=<AddBackward0>), U.norm 523.9137573242188, V.norm 425.61016845703125, MLP.norm 27.4174747467041
2023-03-26 18:47:19,328 :: INFO :: ----- val -----
2023-03-26 18:47:19,343 :: INFO :: Precision [0.03447665412701925, 0.02863465368444375, 0.02493029431290303]
2023-03-26 18:47:19,343 :: INFO :: Recall [0.015151529967086073, 0.05805174339735876, 0.09730339967908924]
2023-03-26 18:47:19,343 :: INFO :: ndcg [0.03447665412701925, 0.08362407228722409, 0.11064874459042637]
2023-03-26 18:47:40,718 :: INFO :: ----- test -----
2023-03-26 18:47:40,718 :: INFO :: Precision [0.030432883891042088, 0.02178612369670942, 0.01798951907855425]
2023-03-26 18:47:40,718 :: INFO :: Recall [0.018542964790508116, 0.061520285972405074, 0.09697438075873632]
2023-03-26 18:47:40,718 :: INFO :: ndcg [0.030432883891042088, 0.06744274068139444, 0.08715666103991423]
2023-03-26 18:49:54,249 :: INFO :: Epoch 190: loss tensor(65.4209, device='cuda:0', grad_fn=<AddBackward0>), U.norm 523.7658081054688, V.norm 425.15032958984375, MLP.norm 27.47377586364746
2023-03-26 18:50:15,562 :: INFO :: ----- val -----
2023-03-26 18:50:15,562 :: INFO :: Precision [0.034697942022571364, 0.028900199159106323, 0.02485505642841528]
2023-03-26 18:50:15,562 :: INFO :: Recall [0.015277539778867063, 0.058119412019789346, 0.09695860034215364]
2023-03-26 18:50:15,562 :: INFO :: ndcg [0.034697942022571364, 0.08444357787647128, 0.11064946964312947]
2023-03-26 18:50:35,796 :: INFO :: ----- test -----
2023-03-26 18:50:35,796 :: INFO :: Precision [0.029859708499372237, 0.02158414760631145, 0.018063213057483228]
2023-03-26 18:50:35,796 :: INFO :: Recall [0.018100095918685694, 0.06077676378040866, 0.09697407398630215]
2023-03-26 18:50:35,796 :: INFO :: ndcg [0.029859708499372237, 0.06678103810142363, 0.08686009979579401]
2023-03-26 18:52:56,531 :: INFO :: Epoch 195: loss tensor(65.2894, device='cuda:0', grad_fn=<AddBackward0>), U.norm 523.5918579101562, V.norm 424.63311767578125, MLP.norm 27.552486419677734
2023-03-26 18:53:18,405 :: INFO :: ----- val -----
2023-03-26 18:53:18,421 :: INFO :: Precision [0.035892896658552775, 0.028643505200265845, 0.0251825625138325]
2023-03-26 18:53:18,421 :: INFO :: Recall [0.01615897405447914, 0.058386083448092034, 0.09812053799731221]
2023-03-26 18:53:18,421 :: INFO :: ndcg [0.035892896658552775, 0.08427897030333788, 0.11219138026391547]
2023-03-26 18:53:40,624 :: INFO :: ----- test -----
2023-03-26 18:53:40,624 :: INFO :: Precision [0.02857688738468257, 0.02170970031115345, 0.01793493094601425]
2023-03-26 18:53:40,624 :: INFO :: Recall [0.017509304042668424, 0.0605177148495644, 0.09653635395173193]
2023-03-26 18:53:40,624 :: INFO :: ndcg [0.02857688738468257, 0.06646631867522039, 0.08610030789784542]
2023-03-26 18:55:59,957 :: INFO :: Epoch 200: loss tensor(65.7599, device='cuda:0', grad_fn=<AddBackward0>), U.norm 523.402587890625, V.norm 424.1702880859375, MLP.norm 27.607051849365234
2023-03-26 18:56:22,144 :: INFO :: ----- val -----
2023-03-26 18:56:22,144 :: INFO :: Precision [0.034697942022571364, 0.028599247621155403, 0.024890462491703666]
2023-03-26 18:56:22,144 :: INFO :: Recall [0.015243251010398784, 0.05783486626303647, 0.09772704307089637]
2023-03-26 18:56:22,144 :: INFO :: ndcg [0.034697942022571364, 0.08399120801856505, 0.11105739725314463]
2023-03-26 18:56:44,003 :: INFO :: ----- test -----
2023-03-26 18:56:44,003 :: INFO :: Precision [0.029641355969212295, 0.021791582509963426, 0.018068671870737223]
2023-03-26 18:56:44,003 :: INFO :: Recall [0.01820472168819493, 0.06105799970068362, 0.0968819543786115]
2023-03-26 18:56:44,003 :: INFO :: ndcg [0.029641355969212295, 0.06710247429397287, 0.08696241574759346]
2023-03-26 18:58:55,410 :: INFO :: Epoch 205: loss tensor(64.6611, device='cuda:0', grad_fn=<AddBackward0>), U.norm 523.25244140625, V.norm 423.77325439453125, MLP.norm 27.646203994750977
2023-03-26 18:59:16,972 :: INFO :: ----- val -----
2023-03-26 18:59:16,972 :: INFO :: Precision [0.03452091170612968, 0.028652356716087936, 0.024970126134102398]
2023-03-26 18:59:16,972 :: INFO :: Recall [0.015000094709074655, 0.057711099409069565, 0.09762898786893091]
2023-03-26 18:59:16,972 :: INFO :: ndcg [0.03452091170612968, 0.08371545451771142, 0.11086255252797328]
2023-03-26 18:59:39,800 :: INFO :: ----- test -----
2023-03-26 18:59:39,800 :: INFO :: Precision [0.029750532234292266, 0.021857088269011424, 0.01800589551831622]
2023-03-26 18:59:39,816 :: INFO :: Recall [0.018249229330415322, 0.06142325373666467, 0.09663268384792158]
2023-03-26 18:59:39,816 :: INFO :: ndcg [0.029750532234292266, 0.06755681883492831, 0.08685825550156438]
2023-03-26 19:01:51,460 :: INFO :: Epoch 210: loss tensor(66.0178, device='cuda:0', grad_fn=<AddBackward0>), U.norm 523.1286010742188, V.norm 423.4259948730469, MLP.norm 27.716047286987305
2023-03-26 19:02:13,007 :: INFO :: ----- val -----
2023-03-26 19:02:13,007 :: INFO :: Precision [0.035494578446558976, 0.02876742642177502, 0.025266651914142322]
2023-03-26 19:02:13,007 :: INFO :: Recall [0.015203060090039765, 0.05789404425162781, 0.09949874799286403]
2023-03-26 19:02:13,007 :: INFO :: ndcg [0.035494578446558976, 0.08450904733225026, 0.1122281398747308]
2023-03-26 19:02:36,163 :: INFO :: ----- test -----
2023-03-26 19:02:36,163 :: INFO :: Precision [0.029286533107702385, 0.021884382335281432, 0.01811234237676922]
2023-03-26 19:02:36,163 :: INFO :: Recall [0.017541408733340397, 0.06142136296990987, 0.09751717447334751]
2023-03-26 19:02:36,163 :: INFO :: ndcg [0.029286533107702385, 0.0672036111751794, 0.08695565930652378]
2023-03-26 19:04:47,266 :: INFO :: Epoch 215: loss tensor(64.7085, device='cuda:0', grad_fn=<AddBackward0>), U.norm 522.957275390625, V.norm 423.0498962402344, MLP.norm 27.753101348876953
2023-03-26 19:05:08,407 :: INFO :: ----- val -----
2023-03-26 19:05:08,407 :: INFO :: Precision [0.03713210887364461, 0.029068377959726, 0.025231245850853998]
2023-03-26 19:05:08,407 :: INFO :: Recall [0.01598980037340832, 0.05847634646524558, 0.09869563894806234]
2023-03-26 19:05:08,407 :: INFO :: ndcg [0.03713210887364461, 0.08626681421288332, 0.11349575256233609]
2023-03-26 19:05:31,594 :: INFO :: ----- test -----
2023-03-26 19:05:31,610 :: INFO :: Precision [0.02915006277635242, 0.02180250013647141, 0.018226977455103228]
2023-03-26 19:05:31,610 :: INFO :: Recall [0.017822166036023112, 0.06115940642249387, 0.09811472993709475]
2023-03-26 19:05:31,610 :: INFO :: ndcg [0.02915006277635242, 0.06698908505060946, 0.08714833391513864]
2023-03-26 19:07:43,438 :: INFO :: Epoch 220: loss tensor(64.3137, device='cuda:0', grad_fn=<AddBackward0>), U.norm 522.8414916992188, V.norm 422.7200012207031, MLP.norm 27.740970611572266
2023-03-26 19:08:04,141 :: INFO :: ----- val -----
2023-03-26 19:08:04,141 :: INFO :: Precision [0.035538836025669394, 0.028962159769860964, 0.025386147377740483]
2023-03-26 19:08:04,141 :: INFO :: Recall [0.01543138487051005, 0.05882119074443528, 0.09949497122164364]
2023-03-26 19:08:04,141 :: INFO :: ndcg [0.035538836025669394, 0.08507523922055121, 0.11285608792279143]
2023-03-26 19:08:27,078 :: INFO :: ----- test -----
2023-03-26 19:08:27,078 :: INFO :: Precision [0.029859708499372237, 0.021873464708773403, 0.01815874228942822]
2023-03-26 19:08:27,078 :: INFO :: Recall [0.01810120630251107, 0.06125250755747694, 0.09762241172103253]
2023-03-26 19:08:27,078 :: INFO :: ndcg [0.029859708499372237, 0.0675282423236158, 0.08752693363007394]
2023-03-26 19:10:36,735 :: INFO :: Epoch 225: loss tensor(64.1017, device='cuda:0', grad_fn=<AddBackward0>), U.norm 522.7191162109375, V.norm 422.49603271484375, MLP.norm 27.77918243408203
2023-03-26 19:11:00,860 :: INFO :: ----- val -----
2023-03-26 19:11:00,860 :: INFO :: Precision [0.03629121487054658, 0.0291922991812352, 0.025133879176811057]
2023-03-26 19:11:00,860 :: INFO :: Recall [0.015949677985226104, 0.059425733663070024, 0.09887156653752271]
2023-03-26 19:11:00,860 :: INFO :: ndcg [0.03629121487054658, 0.08615232518696914, 0.11293179379078952]
2023-03-26 19:11:22,156 :: INFO :: ----- test -----
2023-03-26 19:11:22,156 :: INFO :: Precision [0.02980512036683225, 0.021933511654567413, 0.018117801190023226]
2023-03-26 19:11:22,156 :: INFO :: Recall [0.018447292889044738, 0.06128379888391402, 0.09746773242129278]
2023-03-26 19:11:22,156 :: INFO :: ndcg [0.02980512036683225, 0.06751670841080573, 0.08719295081668473]
2023-03-26 19:13:36,501 :: INFO :: Epoch 230: loss tensor(64.3934, device='cuda:0', grad_fn=<AddBackward0>), U.norm 522.573974609375, V.norm 422.2571105957031, MLP.norm 27.83820343017578
2023-03-26 19:13:58,797 :: INFO :: ----- val -----
2023-03-26 19:13:58,797 :: INFO :: Precision [0.035494578446558976, 0.029360477981854788, 0.025403850409384643]
2023-03-26 19:13:58,797 :: INFO :: Recall [0.01603500867154418, 0.05927941033554575, 0.09938845333925142]
2023-03-26 19:13:58,797 :: INFO :: ndcg [0.035494578446558976, 0.08578552084277698, 0.11283293028284386]
2023-03-26 19:14:20,641 :: INFO :: ----- test -----
2023-03-26 19:14:20,641 :: INFO :: Precision [0.029586767836672308, 0.021922594028059433, 0.017954036792403254]
2023-03-26 19:14:20,641 :: INFO :: Recall [0.018036602165632253, 0.06142021004870481, 0.0961258247139869]
2023-03-26 19:14:20,641 :: INFO :: ndcg [0.029586767836672308, 0.06761288845195386, 0.08663619056188335]
2023-03-26 19:16:34,489 :: INFO :: Epoch 235: loss tensor(64.5186, device='cuda:0', grad_fn=<AddBackward0>), U.norm 522.3990478515625, V.norm 422.0105285644531, MLP.norm 27.84096336364746
2023-03-26 19:16:56,161 :: INFO :: ----- val -----
2023-03-26 19:16:56,161 :: INFO :: Precision [0.03615844213321531, 0.02857269307368916, 0.02501880947112389]
2023-03-26 19:16:56,161 :: INFO :: Recall [0.01586798328281921, 0.05741182654351647, 0.09746613754451314]
2023-03-26 19:16:56,161 :: INFO :: ndcg [0.03615844213321531, 0.084669003266495, 0.11187385795005932]
2023-03-26 19:17:18,083 :: INFO :: ----- test -----
2023-03-26 19:17:18,083 :: INFO :: Precision [0.029750532234292266, 0.021988099787107418, 0.018035918991213262]
2023-03-26 19:17:18,083 :: INFO :: Recall [0.01815583400978085, 0.06175320533175403, 0.09718303440696864]
2023-03-26 19:17:18,083 :: INFO :: ndcg [0.029750532234292266, 0.067683114034168, 0.08717196204569996]
2023-03-26 19:19:26,265 :: INFO :: Epoch 240: loss tensor(64.0736, device='cuda:0', grad_fn=<AddBackward0>), U.norm 522.2706909179688, V.norm 421.78900146484375, MLP.norm 27.894805908203125
2023-03-26 19:19:48,281 :: INFO :: ----- val -----
2023-03-26 19:19:48,281 :: INFO :: Precision [0.034166851073246296, 0.029201150697057216, 0.02528435494578652]
2023-03-26 19:19:48,281 :: INFO :: Recall [0.014475721514421757, 0.058743966482750785, 0.09885595206653844]
2023-03-26 19:19:48,281 :: INFO :: ndcg [0.034166851073246296, 0.08509239726850623, 0.11217464003405907]
2023-03-26 19:20:10,734 :: INFO :: ----- test -----
2023-03-26 19:20:10,734 :: INFO :: Precision [0.029068180577542443, 0.02194988809432943, 0.01810688356351525]
2023-03-26 19:20:10,734 :: INFO :: Recall [0.017673377910888268, 0.06171401198111824, 0.09748322784140276]
2023-03-26 19:20:10,734 :: INFO :: ndcg [0.029068180577542443, 0.06746587293071848, 0.08731803981571476]
2023-03-26 19:22:21,094 :: INFO :: Epoch 245: loss tensor(63.9144, device='cuda:0', grad_fn=<AddBackward0>), U.norm 522.1553344726562, V.norm 421.5797119140625, MLP.norm 27.88780975341797
2023-03-26 19:22:43,703 :: INFO :: ----- val -----
2023-03-26 19:22:43,703 :: INFO :: Precision [0.036866563398982075, 0.029174596149590996, 0.0256339898207589]
2023-03-26 19:22:43,703 :: INFO :: Recall [0.016126340835237486, 0.05903623046666726, 0.09995794806194006]
2023-03-26 19:22:43,703 :: INFO :: ndcg [0.036866563398982075, 0.08594473785078524, 0.11419637977825572]
2023-03-26 19:23:07,656 :: INFO :: ----- test -----
2023-03-26 19:23:07,656 :: INFO :: Precision [0.028904416179922485, 0.022080899612425414, 0.018213330421968255]
2023-03-26 19:23:07,656 :: INFO :: Recall [0.017322442583016424, 0.06183586531844034, 0.09843509089691278]
2023-03-26 19:23:07,656 :: INFO :: ndcg [0.028904416179922485, 0.06764430929072518, 0.08768432612338534]
2023-03-26 19:25:19,863 :: INFO :: Epoch 250: loss tensor(66.0000, device='cuda:0', grad_fn=<AddBackward0>), U.norm 522.0328979492188, V.norm 421.3980712890625, MLP.norm 27.91330337524414
2023-03-26 19:25:42,253 :: INFO :: ----- val -----
2023-03-26 19:25:42,253 :: INFO :: Precision [0.03527329055100686, 0.02921000221287934, 0.025479088293872396]
2023-03-26 19:25:42,253 :: INFO :: Recall [0.015453490464613974, 0.058689272269740606, 0.09884259584344181]
2023-03-26 19:25:42,253 :: INFO :: ndcg [0.03527329055100686, 0.08521342123505234, 0.11268799110504392]
2023-03-26 19:26:03,706 :: INFO :: ----- test -----
2023-03-26 19:26:03,722 :: INFO :: Precision [0.02915006277635242, 0.022053605546155416, 0.018112342376769248]
2023-03-26 19:26:03,722 :: INFO :: Recall [0.017829287040167004, 0.06206579010591139, 0.09707656949410794]
2023-03-26 19:26:03,722 :: INFO :: ndcg [0.02915006277635242, 0.06775388750899262, 0.08728886222735002]
2023-03-26 19:28:13,472 :: INFO :: Epoch 255: loss tensor(64.1992, device='cuda:0', grad_fn=<AddBackward0>), U.norm 521.9295043945312, V.norm 421.2630615234375, MLP.norm 27.93303680419922
2023-03-26 19:28:36,066 :: INFO :: ----- val -----
2023-03-26 19:28:36,082 :: INFO :: Precision [0.036512502766098694, 0.029210002212879352, 0.025625138304936842]
2023-03-26 19:28:36,082 :: INFO :: Recall [0.01567647553933616, 0.0596050576682227, 0.10020222798759429]
2023-03-26 19:28:36,082 :: INFO :: ndcg [0.036512502766098694, 0.08583615531000918, 0.11393039766330387]
2023-03-26 19:28:58,238 :: INFO :: ----- test -----
2023-03-26 19:28:58,238 :: INFO :: Precision [0.03005076696326219, 0.022124570118457424, 0.018112342376769248]
2023-03-26 19:28:58,238 :: INFO :: Recall [0.01850214933446563, 0.062121487112994755, 0.09736017365337153]
2023-03-26 19:28:58,238 :: INFO :: ndcg [0.03005076696326219, 0.06803035419532226, 0.08744785055656541]
2023-03-26 19:31:12,878 :: INFO :: Epoch 260: loss tensor(65.6676, device='cuda:0', grad_fn=<AddBackward0>), U.norm 521.790283203125, V.norm 421.05462646484375, MLP.norm 27.976015090942383
2023-03-26 19:31:35,957 :: INFO :: ----- val -----
2023-03-26 19:31:35,957 :: INFO :: Precision [0.036025669395884044, 0.02914804160212475, 0.025235671608765012]
2023-03-26 19:31:35,957 :: INFO :: Recall [0.015598037900607075, 0.05873770974482122, 0.09872482384102764]
2023-03-26 19:31:35,957 :: INFO :: ndcg [0.036025669395884044, 0.0859762311737037, 0.1128276117802332]
2023-03-26 19:31:57,644 :: INFO :: ----- test -----
2023-03-26 19:31:57,644 :: INFO :: Precision [0.028713357716032534, 0.021775206070201447, 0.01811234237676923]
2023-03-26 19:31:57,644 :: INFO :: Recall [0.017433167626224565, 0.0611679714989489, 0.09713129831740576]
2023-03-26 19:31:57,644 :: INFO :: ndcg [0.028713357716032534, 0.06665310241412503, 0.08662336945290003]
2023-03-26 19:34:10,394 :: INFO :: Epoch 265: loss tensor(65.5592, device='cuda:0', grad_fn=<AddBackward0>), U.norm 521.7135009765625, V.norm 420.9399719238281, MLP.norm 27.919208526611328
2023-03-26 19:34:31,697 :: INFO :: ----- val -----
2023-03-26 19:34:31,697 :: INFO :: Precision [0.035494578446558976, 0.029059526443903867, 0.025598583757470574]
2023-03-26 19:34:31,697 :: INFO :: Recall [0.015642797827579928, 0.05905995501453708, 0.0990682215230116]
2023-03-26 19:34:31,697 :: INFO :: ndcg [0.035494578446558976, 0.08544924058170589, 0.11341575942035712]
2023-03-26 19:34:53,713 :: INFO :: ----- test -----
2023-03-26 19:34:53,713 :: INFO :: Precision [0.02904088651127245, 0.02196626453409141, 0.018188765762325268]
2023-03-26 19:34:53,713 :: INFO :: Recall [0.017870945989890922, 0.06124979502396365, 0.09775390635000882]
2023-03-26 19:34:53,713 :: INFO :: ndcg [0.02904088651127245, 0.06745137213293022, 0.08739891888545416]
2023-03-26 19:37:07,260 :: INFO :: Epoch 270: loss tensor(65.7452, device='cuda:0', grad_fn=<AddBackward0>), U.norm 521.6298217773438, V.norm 420.7688903808594, MLP.norm 27.972766876220703
2023-03-26 19:37:28,635 :: INFO :: ----- val -----
2023-03-26 19:37:28,635 :: INFO :: Precision [0.03487497233901306, 0.02944899314007565, 0.025257800398320256]
2023-03-26 19:37:28,635 :: INFO :: Recall [0.015169032822543078, 0.05953584870412677, 0.09875427842549787]
2023-03-26 19:37:28,635 :: INFO :: ndcg [0.03487497233901306, 0.08569574463048092, 0.11270135127294623]
2023-03-26 19:37:49,994 :: INFO :: ----- test -----
2023-03-26 19:37:49,994 :: INFO :: Precision [0.029968884764452208, 0.022026311479885406, 0.01807140127736428]
2023-03-26 19:37:49,994 :: INFO :: Recall [0.018061603655746904, 0.06194603024453529, 0.0974483848011873]
2023-03-26 19:37:49,994 :: INFO :: ndcg [0.029968884764452208, 0.06808248456379525, 0.08755213821754193]
2023-03-26 19:40:01,901 :: INFO :: Epoch 275: loss tensor(64.9229, device='cuda:0', grad_fn=<AddBackward0>), U.norm 521.52001953125, V.norm 420.6049499511719, MLP.norm 28.015544891357422
2023-03-26 19:40:22,747 :: INFO :: ----- val -----
2023-03-26 19:40:22,747 :: INFO :: Precision [0.03571586634211109, 0.029227705244523495, 0.025479088293872396]
2023-03-26 19:40:22,747 :: INFO :: Recall [0.015793802116597953, 0.05895461877662673, 0.09974402296648606]
2023-03-26 19:40:22,747 :: INFO :: ndcg [0.03571586634211109, 0.08570451824555711, 0.11318865441167643]
2023-03-26 19:40:45,573 :: INFO :: ----- test -----
2023-03-26 19:40:45,573 :: INFO :: Precision [0.030187237294612153, 0.021966264534091437, 0.01805502483760228]
2023-03-26 19:40:45,573 :: INFO :: Recall [0.018380158840047605, 0.06178335039789818, 0.09693787852213537]
2023-03-26 19:40:45,573 :: INFO :: ndcg [0.030187237294612153, 0.06796164507995527, 0.08737229703365854]
2023-03-26 19:42:54,293 :: INFO :: Epoch 280: loss tensor(63.4556, device='cuda:0', grad_fn=<AddBackward0>), U.norm 521.407470703125, V.norm 420.3966369628906, MLP.norm 28.032440185546875
2023-03-26 19:43:15,574 :: INFO :: ----- val -----
2023-03-26 19:43:15,574 :: INFO :: Precision [0.03522903297189644, 0.02936047798185483, 0.025403850409384664]
2023-03-26 19:43:15,574 :: INFO :: Recall [0.015499400170144843, 0.05939673320186597, 0.09958357161302932]
2023-03-26 19:43:15,574 :: INFO :: ndcg [0.03522903297189644, 0.08557856131363431, 0.11292952610516113]
2023-03-26 19:43:39,106 :: INFO :: ----- test -----
2023-03-26 19:43:39,106 :: INFO :: Precision [0.02915006277635242, 0.022190075877505412, 0.018123260003277266]
2023-03-26 19:43:39,106 :: INFO :: Recall [0.017633574261171406, 0.06235633830194805, 0.09734912306791471]
2023-03-26 19:43:39,106 :: INFO :: ndcg [0.02915006277635242, 0.06801946360205395, 0.08734554890690584]
2023-03-26 19:45:49,348 :: INFO :: Epoch 285: loss tensor(64.1567, device='cuda:0', grad_fn=<AddBackward0>), U.norm 521.3143310546875, V.norm 420.2133483886719, MLP.norm 28.104568481445312
2023-03-26 19:46:11,082 :: INFO :: ----- val -----
2023-03-26 19:46:11,082 :: INFO :: Precision [0.03509626023456517, 0.029094932507192278, 0.025523345872982852]
2023-03-26 19:46:11,082 :: INFO :: Recall [0.015697216538806173, 0.05957178175320542, 0.09974371244503817]
2023-03-26 19:46:11,082 :: INFO :: ndcg [0.03509626023456517, 0.08587847205524553, 0.11375771368578039]
2023-03-26 19:46:33,597 :: INFO :: ----- test -----
2023-03-26 19:46:33,597 :: INFO :: Precision [0.028631475517222556, 0.021933511654567445, 0.018120530596650263]
2023-03-26 19:46:33,597 :: INFO :: Recall [0.01781718396563378, 0.061745749090722876, 0.09737985339956538]
2023-03-26 19:46:33,597 :: INFO :: ndcg [0.028631475517222556, 0.06717111944004626, 0.08676814004106492]
2023-03-26 19:48:44,301 :: INFO :: Epoch 290: loss tensor(64.3802, device='cuda:0', grad_fn=<AddBackward0>), U.norm 521.2724609375, V.norm 420.0054626464844, MLP.norm 28.097537994384766
2023-03-26 19:49:06,051 :: INFO :: ----- val -----
2023-03-26 19:49:06,051 :: INFO :: Precision [0.03447665412701925, 0.02947554768754191, 0.02555875193627116]
2023-03-26 19:49:06,051 :: INFO :: Recall [0.01506442070029918, 0.05980925986360235, 0.09976076807331719]
2023-03-26 19:49:06,051 :: INFO :: ndcg [0.03447665412701925, 0.08532050239163276, 0.11288740341057915]
2023-03-26 19:49:27,457 :: INFO :: ----- test -----
2023-03-26 19:49:27,457 :: INFO :: Precision [0.028549593318412576, 0.021977182160599407, 0.018161471696055264]
2023-03-26 19:49:27,472 :: INFO :: Recall [0.01751810859187682, 0.061584715067990625, 0.0983734525343791]
2023-03-26 19:49:27,472 :: INFO :: ndcg [0.028549593318412576, 0.06703897464351624, 0.08702340253021709]
2023-03-26 19:51:41,269 :: INFO :: Epoch 295: loss tensor(65.1459, device='cuda:0', grad_fn=<AddBackward0>), U.norm 521.1632080078125, V.norm 419.6876220703125, MLP.norm 28.154804229736328
2023-03-26 19:52:03,535 :: INFO :: ----- val -----
2023-03-26 19:52:03,535 :: INFO :: Precision [0.03584863907944236, 0.029086080991370115, 0.025598583757470563]
2023-03-26 19:52:03,535 :: INFO :: Recall [0.016124999315386197, 0.05961528880317475, 0.10051805022066204]
2023-03-26 19:52:03,535 :: INFO :: ndcg [0.03584863907944236, 0.08539746373370047, 0.11375613166945818]
2023-03-26 19:52:24,941 :: INFO :: ----- test -----
2023-03-26 19:52:24,941 :: INFO :: Precision [0.028986298378732463, 0.022179158250997408, 0.018186036355698265]
2023-03-26 19:52:24,941 :: INFO :: Recall [0.01782133006427194, 0.06232994957158297, 0.09844953294120562]
2023-03-26 19:52:24,941 :: INFO :: ndcg [0.028986298378732463, 0.06774757759788877, 0.08745237276798126]
2023-03-26 19:54:38,289 :: INFO :: Epoch 300: loss tensor(64.2848, device='cuda:0', grad_fn=<AddBackward0>), U.norm 521.1048583984375, V.norm 419.38800048828125, MLP.norm 28.189435958862305
2023-03-26 19:55:00,055 :: INFO :: ----- val -----
2023-03-26 19:55:00,055 :: INFO :: Precision [0.03531754813011728, 0.029280814339456035, 0.02560300951538159]
2023-03-26 19:55:00,055 :: INFO :: Recall [0.0149117912766051, 0.0590375895256042, 0.1003100724555991]
2023-03-26 19:55:00,055 :: INFO :: ndcg [0.03531754813011728, 0.085144813322829, 0.11315635115257566]
2023-03-26 19:55:21,945 :: INFO :: ----- test -----
2023-03-26 19:55:21,945 :: INFO :: Precision [0.029832414433102243, 0.02185708826901143, 0.01821605982859524]
2023-03-26 19:55:21,945 :: INFO :: Recall [0.018541170964799562, 0.061719162056185536, 0.09800481441019357]
2023-03-26 19:55:21,945 :: INFO :: ndcg [0.029832414433102243, 0.06762916980488558, 0.08776790046683548]
2023-03-26 19:57:34,452 :: INFO :: Epoch 305: loss tensor(63.4071, device='cuda:0', grad_fn=<AddBackward0>), U.norm 520.992919921875, V.norm 419.1414489746094, MLP.norm 28.237897872924805
2023-03-26 19:57:54,514 :: INFO :: ----- val -----
2023-03-26 19:57:54,514 :: INFO :: Precision [0.03452091170612968, 0.029475547687541966, 0.025638415578669978]
2023-03-26 19:57:54,514 :: INFO :: Recall [0.014862233385897398, 0.06018058812605605, 0.09975281880827898]
2023-03-26 19:57:54,514 :: INFO :: ndcg [0.03452091170612968, 0.08571601784706179, 0.11355021589848638]
2023-03-26 19:58:16,796 :: INFO :: ----- test -----
2023-03-26 19:58:16,796 :: INFO :: Precision [0.02953217970413232, 0.02200447622686942, 0.018221518641849243]
2023-03-26 19:58:16,796 :: INFO :: Recall [0.01792865923091111, 0.062193764041619096, 0.09794543398538257]
2023-03-26 19:58:16,796 :: INFO :: ndcg [0.02953217970413232, 0.0678190225888829, 0.08757284450086744]
2023-03-26 19:58:16,796 :: INFO :: Epoch 305:
2023-03-26 19:58:38,202 :: INFO :: ----- val -----
2023-03-26 19:58:38,202 :: INFO :: Precision [0.03452091170612968, 0.029475547687541966, 0.025638415578669978]
2023-03-26 19:58:38,202 :: INFO :: Recall [0.014862233385897398, 0.06018058812605605, 0.09975281880827898]
2023-03-26 19:58:38,202 :: INFO :: ndcg [0.03452091170612968, 0.08571601784706179, 0.11355021589848638]
2023-03-26 19:59:01,717 :: INFO :: ----- test -----
2023-03-26 19:59:01,717 :: INFO :: Precision [0.02953217970413232, 0.02200447622686942, 0.018221518641849243]
2023-03-26 19:59:01,717 :: INFO :: Recall [0.01792865923091111, 0.062193764041619096, 0.09794543398538257]
2023-03-26 19:59:01,717 :: INFO :: ndcg [0.02953217970413232, 0.0678190225888829, 0.08757284450086744]
2023-03-26 19:59:01,717 :: INFO :: final:
2023-03-26 19:59:01,717 :: INFO :: ----- test -----
2023-03-26 19:59:01,717 :: INFO :: Precision [0.028904416179922485, 0.022080899612425414, 0.018213330421968255]
2023-03-26 19:59:01,717 :: INFO :: Recall [0.017322442583016424, 0.06183586531844034, 0.09843509089691278]
2023-03-26 19:59:01,717 :: INFO :: ndcg [0.028904416179922485, 0.06764430929072518, 0.08768432612338534]
2023-03-26 19:59:01,717 :: INFO :: max_epoch 245:
2023-04-09 16:01:27,449 :: INFO :: log info to logs/tiktok_UltraGCN.log
2023-04-09 16:01:27,450 :: INFO :: Namespace(alpha=1.0, b_epoch=40, bsz=512, dataset='tiktok', device='cpu', epoch=5, f_epoch=20, f_max=10, feat_dim=64, ite=5, lam=0.1, lr=0.001, model='UltraGCN', neg_num=50, neighbor_num=10, num_domains=10, num_epoch=500, p_ctx=[0.001, 0.1], p_emb=[0.001, 0.0001], p_embp=[0.001, 0.0001], p_proj=[0.001, 0.01], p_w=[1, 1, 1, 1], pretrained=0, regi=0.0, reuse=0, sift=0, sigma=0.01, ssz=512, tolog=1, wdi=2)
2023-04-09 16:01:29,363 :: INFO :: torch.Size([76085, 384])
2023-04-09 16:04:49,065 :: INFO :: log info to logs/tiktok_UltraGCN.log
2023-04-09 16:04:49,065 :: INFO :: Namespace(alpha=1.0, b_epoch=40, bsz=512, dataset='tiktok', device='cpu', epoch=5, f_epoch=20, f_max=10, feat_dim=64, ite=5, lam=0.1, lr=0.001, model='UltraGCN', neg_num=50, neighbor_num=10, num_domains=10, num_epoch=500, p_ctx=[0.001, 0.1], p_emb=[0.001, 0.0001], p_embp=[0.001, 0.0001], p_proj=[0.001, 0.01], p_w=[1, 1, 1, 1], pretrained=0, regi=0.0, reuse=0, sift=0, sigma=0.01, ssz=512, tolog=1, wdi=2)
2023-04-09 16:04:51,067 :: INFO :: torch.Size([76085, 384])
2023-04-09 16:06:08,353 :: INFO :: Epoch 5: loss tensor(16.0790, grad_fn=<AddBackward0>), U.norm 11.376749992370605, V.norm 20.406034469604492, MLP.norm 4.792073726654053
